2024-10-16 11:19:43 -  - exec CUpdateClientPartner::__CollectRequestData
2024-10-16 11:19:43 -  - exec CUpdateClientPartner::GetHTTPPage
2024-10-16 11:19:43 -  - exec CUpdateClientPartner::ParseServerData
2024-10-16 11:19:43 -  - exec CUpdateClientPartner::GetUpdatesList
2024-10-16 11:19:43 -  - exec CUpdateClientPartner::__CollectRequestData
2024-10-16 11:19:43 -  - utf=Y&lang=ru&stable=Y&CANGZIP=Y&SUPD_DBS=MYSQL&XE=N&CLIENT_SITE=79.174.85.130&LICENSE_KEY=X&SUPD_STS=1&SUPD_URS=0&TYPENC=D&CLIENT_PHPVER=8.3.12&NGINX=Y&dbv=8.0.39&instm=main%2C24.0.796%2CY%3Bvote%2C24.0.0%2CN%3Btranslate%2C24.0.0%2CN%3Bsubscribe%2C24.0.0%2CN%3Brest%2C24.500.0%2CN%3Blanding%2C24.400.300%2CN%3Bforum%2C24.100.300%2CN%3Bmobileapp%2C24.0.0%2CN%3Bfileman%2C24.100.0%2CN%3Bsearch%2C24.0.0%2CN%3Bmessageservice%2C24.500.0%2CN%3Bbitrixcloud%2C24.0.0%2CN%3Blocation%2C24.100.0%2CN%3Bperfmon%2C24.0.0%2CN%3Biblock%2C24.0.200%2CN%3Bform%2C24.0.0%2CN%3Bb24connector%2C24.0.0%2CN%3Bhighloadblock%2C24.0.201%2CN%3Bseo%2C24.300.0%2CN%3Bbitrix.sitecorporate%2C24.0.0%2CN%3Bsocialservices%2C24.0.200%2CN%3Bphotogallery%2C24.100.0%2CN%3Bsecurity%2C24.0.0%2CN%3Bblog%2C24.0.0%2CN%3Bclouds%2C24.100.0%2CN%3Bui%2C24.300.0%2CN&reqm=bitrix.sitecorporate&fullmoduleinfo=Y&SUPD_SRS=RU&SUPD_CMP=N
2024-10-16 11:19:43 -  - exec CUpdateClientPartner::GetHTTPPage
2024-10-16 11:19:44 -  - TIME GetUpdatesList(request) 0.187 sec
2024-10-16 11:19:44 -  - exec CUpdateClientPartner::ParseServerData
2024-10-16 11:19:44 -  - exec CUpdateClientPartner::__CollectRequestData
2024-10-16 11:19:44 -  - exec CUpdateClientPartner::GetHTTPPage
2024-10-16 11:19:44 -  - exec CUpdateClientPartner::ParseServerData
2024-10-17 13:59:14 -  - exec CUpdateClientPartner::__CollectRequestData
2024-10-17 13:59:14 -  - exec CUpdateClientPartner::GetHTTPPage
2024-10-17 13:59:14 -  - exec CUpdateClientPartner::ParseServerData
2024-10-17 13:59:14 -  - exec CUpdateClientPartner::GetUpdatesList
2024-10-17 13:59:14 -  - exec CUpdateClientPartner::__CollectRequestData
2024-10-17 13:59:14 -  - utf=Y&lang=ru&stable=Y&CANGZIP=Y&SUPD_DBS=MYSQL&XE=N&CLIENT_SITE=79.174.85.130&LICENSE_KEY=X&SUPD_STS=1&SUPD_URS=0&TYPENC=D&CLIENT_PHPVER=8.3.12&NGINX=Y&dbv=8.0.39&instm=main%2C24.0.796%2CY%3Bvote%2C24.0.0%2CN%3Btranslate%2C24.0.0%2CN%3Bsubscribe%2C24.0.0%2CN%3Brest%2C24.500.0%2CN%3Blanding%2C24.400.300%2CN%3Bforum%2C24.100.300%2CN%3Bmobileapp%2C24.0.0%2CN%3Bfileman%2C24.100.0%2CN%3Bsearch%2C24.0.0%2CN%3Bmessageservice%2C24.500.0%2CN%3Bbitrixcloud%2C24.0.0%2CN%3Blocation%2C24.100.0%2CN%3Bperfmon%2C24.0.0%2CN%3Biblock%2C24.0.200%2CN%3Bform%2C24.0.0%2CN%3Bb24connector%2C24.0.0%2CN%3Bhighloadblock%2C24.0.201%2CN%3Bseo%2C24.300.0%2CN%3Bbitrix.sitecorporate%2C24.0.0%2CN%3Bsocialservices%2C24.0.200%2CN%3Bphotogallery%2C24.100.0%2CN%3Bsecurity%2C24.0.0%2CN%3Bblog%2C24.0.0%2CN%3Bclouds%2C24.100.0%2CN%3Bui%2C24.300.0%2CN&reqm=bitrix.sitecorporate&fullmoduleinfo=Y&SUPD_SRS=RU&SUPD_CMP=N
2024-10-17 13:59:14 -  - exec CUpdateClientPartner::GetHTTPPage
2024-10-17 13:59:15 -  - TIME GetUpdatesList(request) 0.164 sec
2024-10-17 13:59:15 -  - exec CUpdateClientPartner::ParseServerData
2024-10-17 13:59:15 -  - exec CUpdateClientPartner::__CollectRequestData
2024-10-17 13:59:15 -  - exec CUpdateClientPartner::GetHTTPPage
2024-10-17 13:59:15 -  - exec CUpdateClientPartner::ParseServerData
2024-10-18 19:30:13 -  - exec CUpdateClientPartner::__CollectRequestData
2024-10-18 19:30:13 -  - exec CUpdateClientPartner::GetHTTPPage
2024-10-18 19:30:13 -  - exec CUpdateClientPartner::ParseServerData
2024-10-18 19:30:13 -  - exec CUpdateClientPartner::GetUpdatesList
2024-10-18 19:30:13 -  - exec CUpdateClientPartner::__CollectRequestData
2024-10-18 19:30:13 -  - utf=Y&lang=ru&stable=Y&CANGZIP=Y&SUPD_DBS=MYSQL&XE=N&CLIENT_SITE=79.174.85.130&LICENSE_KEY=X&SUPD_STS=2&SUPD_URS=0&TYPENC=D&CLIENT_PHPVER=8.3.12&NGINX=Y&dbv=8.0.39&instm=main%2C24.0.796%2CY%3Bvote%2C24.0.0%2CN%3Btranslate%2C24.0.0%2CN%3Bsubscribe%2C24.0.0%2CN%3Brest%2C24.500.0%2CN%3Blanding%2C24.400.300%2CN%3Bforum%2C24.100.300%2CN%3Bmobileapp%2C24.0.0%2CN%3Bfileman%2C24.100.0%2CN%3Bsearch%2C24.0.0%2CN%3Bmessageservice%2C24.500.0%2CN%3Bbitrixcloud%2C24.0.0%2CN%3Blocation%2C24.100.0%2CN%3Bperfmon%2C24.0.0%2CN%3Biblock%2C24.0.200%2CN%3Bform%2C24.0.0%2CN%3Bb24connector%2C24.0.0%2CN%3Bhighloadblock%2C24.0.201%2CN%3Bseo%2C24.300.0%2CN%3Bbitrix.sitecorporate%2C24.0.0%2CN%3Bsocialservices%2C24.0.200%2CN%3Bphotogallery%2C24.100.0%2CN%3Bsecurity%2C24.0.0%2CN%3Bblog%2C24.0.0%2CN%3Bclouds%2C24.100.0%2CN%3Bui%2C24.300.0%2CN&reqm=bitrix.sitecorporate&fullmoduleinfo=Y&SUPD_SRS=RU&SUPD_CMP=N
2024-10-18 19:30:13 -  - exec CUpdateClientPartner::GetHTTPPage
2024-10-18 19:30:14 -  - TIME GetUpdatesList(request) 0.166 sec
2024-10-18 19:30:14 -  - exec CUpdateClientPartner::ParseServerData
2024-10-18 19:30:14 -  - exec CUpdateClientPartner::__CollectRequestData
2024-10-18 19:30:14 -  - exec CUpdateClientPartner::GetHTTPPage
2024-10-18 19:30:14 -  - exec CUpdateClientPartner::ParseServerData
2024-10-18 19:44:38 -  - exec CUpdateClientPartner::SearchModulesEx
2024-10-18 19:44:38 -  - exec CUpdateClientPartner::__CollectRequestData
2024-10-18 19:44:38 -  - utf=Y&lang=ru&stable=Y&CANGZIP=Y&SUPD_DBS=MYSQL&XE=N&CLIENT_SITE=79.174.85.130&LICENSE_KEY=X&SUPD_STS=3&SUPD_URS=0&TYPENC=D&CLIENT_PHPVER=8.3.12&NGINX=Y&dbv=8.0.39&instm=main%2C24.0.796%2CY%3Bvote%2C24.0.0%2CN%3Btranslate%2C24.0.0%2CN%3Bsubscribe%2C24.0.0%2CN%3Brest%2C24.500.0%2CN%3Blanding%2C24.400.300%2CN%3Bforum%2C24.100.300%2CN%3Bmobileapp%2C24.0.0%2CN%3Bfileman%2C24.100.0%2CN%3Bsearch%2C24.0.0%2CN%3Bmessageservice%2C24.500.0%2CN%3Bbitrixcloud%2C24.0.0%2CN%3Blocation%2C24.100.0%2CN%3Bperfmon%2C24.0.0%2CN%3Biblock%2C24.0.200%2CN%3Bform%2C24.0.0%2CN%3Bb24connector%2C24.0.0%2CN%3Bhighloadblock%2C24.0.201%2CN%3Bseo%2C24.300.0%2CN%3Bbitrix.sitecorporate%2C24.0.0%2CN%3Bsocialservices%2C24.0.200%2CN%3Bphotogallery%2C24.100.0%2CN%3Bsecurity%2C24.0.0%2CN%3Bblog%2C24.0.0%2CN%3Bclouds%2C24.100.0%2CN%3Bui%2C24.300.0%2CN&search_module_id=&search_module=&search_category=7%2C14&search_type=&search_order=DESC&search_order_by=SORT&search_page=1&SUPD_SRS=RU&SUPD_CMP=N
2024-10-18 19:44:38 -  - exec CUpdateClientPartner::GetHTTPPage
2024-10-18 19:44:38 -  - TIME SearchModulesEx(request) 0.537 sec
2024-10-18 19:44:38 -  - exec CUpdateClientPartner::ParseServerData
2024-10-18 19:46:39 -  - exec CUpdateClientPartner::LoadModulesUpdates
2024-10-18 19:46:39 -  - exec CUpdateClientPartner::__CollectRequestData
2024-10-18 19:46:39 -  - utf=Y&lang=ru&stable=Y&CANGZIP=Y&SUPD_DBS=MYSQL&XE=N&CLIENT_SITE=79.174.85.130&LICENSE_KEY=X&SUPD_STS=3&SUPD_URS=0&TYPENC=D&CLIENT_PHPVER=8.3.12&NGINX=Y&dbv=8.0.39&instm=main%2C24.0.796%2CY%3Bvote%2C24.0.0%2CN%3Btranslate%2C24.0.0%2CN%3Bsubscribe%2C24.0.0%2CN%3Brest%2C24.500.0%2CN%3Blanding%2C24.400.300%2CN%3Bforum%2C24.100.300%2CN%3Bmobileapp%2C24.0.0%2CN%3Bfileman%2C24.100.0%2CN%3Bsearch%2C24.0.0%2CN%3Bmessageservice%2C24.500.0%2CN%3Bbitrixcloud%2C24.0.0%2CN%3Blocation%2C24.100.0%2CN%3Bperfmon%2C24.0.0%2CN%3Biblock%2C24.0.200%2CN%3Bform%2C24.0.0%2CN%3Bb24connector%2C24.0.0%2CN%3Bhighloadblock%2C24.0.201%2CN%3Bseo%2C24.300.0%2CN%3Bbitrix.sitecorporate%2C24.0.0%2CN%3Bsocialservices%2C24.0.200%2CN%3Bphotogallery%2C24.100.0%2CN%3Bsecurity%2C24.0.0%2CN%3Bblog%2C24.0.0%2CN%3Bclouds%2C24.100.0%2CN%3Bui%2C24.300.0%2CN&reqm=nsandrey.emptyinstall&lim=Y&SUPD_SRS=RU&SUPD_CMP=N
2024-10-18 19:46:39 -  - exec CUpdateClientPartner::GetHTTPPage
2024-10-18 19:46:39 -  - TIME LoadModulesUpdates(request) 0.182 sec
2024-10-18 19:46:39 -  - exec CUpdateClientPartner::ParseServerData
2024-10-18 19:46:39 - S - STEP
2024-10-18 19:46:39 - LM4W01 - loadModule4Wizard-Step
2024-10-18 19:46:39 -  - exec CUpdateClientPartner::LoadModulesUpdates
2024-10-18 19:46:39 -  - exec CUpdateClientPartner::ParseServerData
2024-10-18 19:46:39 -  - loadFile
2024-10-18 19:46:39 - U - RETURN
2024-10-18 19:46:39 -  - exec CUpdateClientPartner::UnGzipArchive
2024-10-18 19:46:39 -  - TIME UnGzipArchive 0.005 sec
2024-10-18 19:46:39 -  - TIME UpdateStepModules 0.009 sec
2024-10-18 19:46:40 -  - exec CUpdateClientPartner::LoadModulesUpdates
2024-10-18 19:46:40 -  - exec CUpdateClientPartner::__CollectRequestData
2024-10-18 19:46:40 -  - utf=Y&lang=ru&stable=Y&CANGZIP=Y&SUPD_DBS=MYSQL&XE=N&CLIENT_SITE=79.174.85.130&LICENSE_KEY=X&SUPD_STS=3&SUPD_URS=0&TYPENC=D&CLIENT_PHPVER=8.3.12&NGINX=Y&dbv=8.0.39&instm=main%2C24.0.796%2CY%3Bvote%2C24.0.0%2CN%3Btranslate%2C24.0.0%2CN%3Bsubscribe%2C24.0.0%2CN%3Brest%2C24.500.0%2CN%3Blanding%2C24.400.300%2CN%3Bforum%2C24.100.300%2CN%3Bmobileapp%2C24.0.0%2CN%3Bfileman%2C24.100.0%2CN%3Bsearch%2C24.0.0%2CN%3Bmessageservice%2C24.500.0%2CN%3Bbitrixcloud%2C24.0.0%2CN%3Bnsandrey.emptyinstall%2C1.0.5%2CN%3Blocation%2C24.100.0%2CN%3Bperfmon%2C24.0.0%2CN%3Biblock%2C24.0.200%2CN%3Bform%2C24.0.0%2CN%3Bb24connector%2C24.0.0%2CN%3Bhighloadblock%2C24.0.201%2CN%3Bseo%2C24.300.0%2CN%3Bbitrix.sitecorporate%2C24.0.0%2CN%3Bsocialservices%2C24.0.200%2CN%3Bphotogallery%2C24.100.0%2CN%3Bsecurity%2C24.0.0%2CN%3Bblog%2C24.0.0%2CN%3Bclouds%2C24.100.0%2CN%3Bui%2C24.300.0%2CN&reqm=nsandrey.emptyinstall&lim=Y&SUPD_SRS=RU&SUPD_CMP=N
2024-10-18 19:46:40 -  - exec CUpdateClientPartner::GetHTTPPage
2024-10-18 19:46:40 -  - TIME LoadModulesUpdates(request) 0.163 sec
2024-10-18 19:46:40 -  - exec CUpdateClientPartner::ParseServerData
2024-10-18 19:46:40 - STEP - Finish - NOUPDATES
2024-10-18 19:46:40 - LM4W03 - Finish - NOUPDATES
2024-10-18 19:52:45 -  - exec CUpdateClientPartner::SearchModulesEx
2024-10-18 19:52:45 -  - exec CUpdateClientPartner::__CollectRequestData
2024-10-18 19:52:45 -  - utf=Y&lang=ru&stable=Y&CANGZIP=Y&SUPD_DBS=MYSQL&XE=N&CLIENT_SITE=79.174.85.130&LICENSE_KEY=X&SUPD_STS=3&SUPD_URS=0&TYPENC=D&CLIENT_PHPVER=8.3.12&NGINX=Y&dbv=8.0.39&instm=main%2C24.0.796%2CY%3Bvote%2C24.0.0%2CN%3Btranslate%2C24.0.0%2CN%3Bsubscribe%2C24.0.0%2CN%3Brest%2C24.500.0%2CN%3Blanding%2C24.400.300%2CN%3Bforum%2C24.100.300%2CN%3Bmobileapp%2C24.0.0%2CN%3Bfileman%2C24.100.0%2CN%3Bsearch%2C24.0.0%2CN%3Bmessageservice%2C24.500.0%2CN%3Bbitrixcloud%2C24.0.0%2CN%3Bnsandrey.emptyinstall%2C1.0.5%2CN%3Blocation%2C24.100.0%2CN%3Bperfmon%2C24.0.0%2CN%3Biblock%2C24.0.200%2CN%3Bform%2C24.0.0%2CN%3Bb24connector%2C24.0.0%2CN%3Bhighloadblock%2C24.0.201%2CN%3Bseo%2C24.300.0%2CN%3Bbitrix.sitecorporate%2C24.0.0%2CN%3Bsocialservices%2C24.0.200%2CN%3Bphotogallery%2C24.100.0%2CN%3Bsecurity%2C24.0.0%2CN%3Bblog%2C24.0.0%2CN%3Bclouds%2C24.100.0%2CN%3Bui%2C24.300.0%2CN&search_module_id=&search_module=&search_category=7%2C14&search_type=&search_order=DESC&search_order_by=SORT&search_page=1&SUPD_SRS=RU&SUPD_CMP=N
2024-10-18 19:52:45 -  - exec CUpdateClientPartner::GetHTTPPage
2024-10-18 19:52:45 -  - TIME SearchModulesEx(request) 0.49 sec
2024-10-18 19:52:45 -  - exec CUpdateClientPartner::ParseServerData
2024-10-18 19:53:18 -  - exec CUpdateClientPartner::LoadModulesUpdates
2024-10-18 19:53:18 -  - exec CUpdateClientPartner::__CollectRequestData
2024-10-18 19:53:18 -  - utf=Y&lang=ru&stable=Y&CANGZIP=Y&SUPD_DBS=MYSQL&XE=N&CLIENT_SITE=79.174.85.130&LICENSE_KEY=X&SUPD_STS=3&SUPD_URS=0&TYPENC=D&CLIENT_PHPVER=8.3.12&NGINX=Y&dbv=8.0.39&instm=main%2C24.0.796%2CY%3Bvote%2C24.0.0%2CN%3Btranslate%2C24.0.0%2CN%3Bsubscribe%2C24.0.0%2CN%3Brest%2C24.500.0%2CN%3Blanding%2C24.400.300%2CN%3Bforum%2C24.100.300%2CN%3Bmobileapp%2C24.0.0%2CN%3Bfileman%2C24.100.0%2CN%3Bsearch%2C24.0.0%2CN%3Bmessageservice%2C24.500.0%2CN%3Bbitrixcloud%2C24.0.0%2CN%3Bnsandrey.emptyinstall%2C1.0.5%2CN%3Blocation%2C24.100.0%2CN%3Bperfmon%2C24.0.0%2CN%3Biblock%2C24.0.200%2CN%3Bform%2C24.0.0%2CN%3Bb24connector%2C24.0.0%2CN%3Bhighloadblock%2C24.0.201%2CN%3Bseo%2C24.300.0%2CN%3Bbitrix.sitecorporate%2C24.0.0%2CN%3Bsocialservices%2C24.0.200%2CN%3Bphotogallery%2C24.100.0%2CN%3Bsecurity%2C24.0.0%2CN%3Bblog%2C24.0.0%2CN%3Bclouds%2C24.100.0%2CN%3Bui%2C24.300.0%2CN&reqm=robocode.spectrumlanding&lim=Y&SUPD_SRS=RU&SUPD_CMP=N
2024-10-18 19:53:18 -  - exec CUpdateClientPartner::GetHTTPPage
2024-10-18 19:53:18 -  - TIME LoadModulesUpdates(request) 0.18 sec
2024-10-18 19:53:18 -  - exec CUpdateClientPartner::ParseServerData
2024-10-18 19:53:18 - S - STEP
2024-10-18 19:53:18 - LM4W01 - loadModule4Wizard-Step
2024-10-18 19:53:18 -  - exec CUpdateClientPartner::LoadModulesUpdates
2024-10-18 19:53:18 -  - exec CUpdateClientPartner::ParseServerData
2024-10-18 19:53:18 -  - loadFile
2024-10-18 19:53:18 - U - RETURN
2024-10-18 19:53:18 -  - exec CUpdateClientPartner::UnGzipArchive
2024-10-18 19:53:19 -  - TIME UnGzipArchive 0.088 sec
2024-10-18 19:53:19 -  - TIME UpdateStepModules 0.121 sec
2024-10-18 19:53:19 -  - exec CUpdateClientPartner::LoadModulesUpdates
2024-10-18 19:53:19 -  - exec CUpdateClientPartner::__CollectRequestData
2024-10-18 19:53:19 -  - utf=Y&lang=ru&stable=Y&CANGZIP=Y&SUPD_DBS=MYSQL&XE=N&CLIENT_SITE=79.174.85.130&LICENSE_KEY=X&SUPD_STS=3&SUPD_URS=0&TYPENC=D&CLIENT_PHPVER=8.3.12&NGINX=Y&dbv=8.0.39&instm=main%2C24.0.796%2CY%3Bvote%2C24.0.0%2CN%3Btranslate%2C24.0.0%2CN%3Bsubscribe%2C24.0.0%2CN%3Brest%2C24.500.0%2CN%3Blanding%2C24.400.300%2CN%3Bforum%2C24.100.300%2CN%3Bmobileapp%2C24.0.0%2CN%3Bfileman%2C24.100.0%2CN%3Bsearch%2C24.0.0%2CN%3Bmessageservice%2C24.500.0%2CN%3Bbitrixcloud%2C24.0.0%2CN%3Bnsandrey.emptyinstall%2C1.0.5%2CN%3Blocation%2C24.100.0%2CN%3Bperfmon%2C24.0.0%2CN%3Biblock%2C24.0.200%2CN%3Bform%2C24.0.0%2CN%3Bb24connector%2C24.0.0%2CN%3Brobocode.spectrumlanding%2C1.0.0%2CN%3Bhighloadblock%2C24.0.201%2CN%3Bseo%2C24.300.0%2CN%3Bbitrix.sitecorporate%2C24.0.0%2CN%3Bsocialservices%2C24.0.200%2CN%3Bphotogallery%2C24.100.0%2CN%3Bsecurity%2C24.0.0%2CN%3Bblog%2C24.0.0%2CN%3Bclouds%2C24.100.0%2CN%3Bui%2C24.300.0%2CN&reqm=robocode.spectrumlanding&lim=Y&SUPD_SRS=RU&SUPD_CMP=N
2024-10-18 19:53:19 -  - exec CUpdateClientPartner::GetHTTPPage
2024-10-18 19:53:19 -  - TIME LoadModulesUpdates(request) 0.164 sec
2024-10-18 19:53:19 -  - exec CUpdateClientPartner::ParseServerData
2024-10-18 19:53:19 - STEP - Finish - NOUPDATES
2024-10-18 19:53:19 - LM4W03 - Finish - NOUPDATES
2024-10-18 19:59:09 -  - exec CUpdateClientPartner::SearchModulesEx
2024-10-18 19:59:09 -  - exec CUpdateClientPartner::__CollectRequestData
2024-10-18 19:59:09 -  - utf=Y&lang=ru&stable=Y&CANGZIP=Y&SUPD_DBS=MYSQL&XE=N&CLIENT_SITE=79.174.85.130&LICENSE_KEY=X&SUPD_STS=3&SUPD_URS=0&TYPENC=D&CLIENT_PHPVER=8.3.12&NGINX=Y&dbv=8.0.39&instm=main%2C24.0.796%2CY%3Bvote%2C24.0.0%2CN%3Btranslate%2C24.0.0%2CN%3Bsubscribe%2C24.0.0%2CN%3Brest%2C24.500.0%2CN%3Blanding%2C24.400.300%2CN%3Bforum%2C24.100.300%2CN%3Bmobileapp%2C24.0.0%2CN%3Bfileman%2C24.100.0%2CN%3Bsearch%2C24.0.0%2CN%3Bmessageservice%2C24.500.0%2CN%3Bbitrixcloud%2C24.0.0%2CN%3Bnsandrey.emptyinstall%2C1.0.5%2CN%3Blocation%2C24.100.0%2CN%3Bperfmon%2C24.0.0%2CN%3Biblock%2C24.0.200%2CN%3Bform%2C24.0.0%2CN%3Bb24connector%2C24.0.0%2CN%3Brobocode.spectrumlanding%2C1.0.0%2CN%3Bhighloadblock%2C24.0.201%2CN%3Bseo%2C24.300.0%2CN%3Bbitrix.sitecorporate%2C24.0.0%2CN%3Bsocialservices%2C24.0.200%2CN%3Bphotogallery%2C24.100.0%2CN%3Bsecurity%2C24.0.0%2CN%3Bblog%2C24.0.0%2CN%3Bclouds%2C24.100.0%2CN%3Bui%2C24.300.0%2CN&search_module_id=&search_module=&search_category=7%2C14&search_type=&search_order=DESC&search_order_by=SORT&search_page=1&SUPD_SRS=RU&SUPD_CMP=N
2024-10-18 19:59:09 -  - exec CUpdateClientPartner::GetHTTPPage
2024-10-18 19:59:09 -  - TIME SearchModulesEx(request) 0.515 sec
2024-10-18 19:59:09 -  - exec CUpdateClientPartner::ParseServerData
